<?xml version="1.0" encoding="UTF-8"?>
<testng-results skipped="0" failed="0" ignored="0" total="1" passed="1">
  <reporter-output>
  </reporter-output>
  <suite name="Command line suite" duration-ms="16189" started-at="2020-04-23T11:37:12Z" finished-at="2020-04-23T11:37:28Z">
    <groups>
    </groups>
    <test name="Command line test" duration-ms="16189" started-at="2020-04-23T11:37:12Z" finished-at="2020-04-23T11:37:28Z">
      <class name="testproject.SampleSeleniumTest">
        <test-method status="PASS" signature="startBrowser()[pri:0, instance:testproject.SampleSeleniumTest@4a1c0752]" name="startBrowser" is-config="true" duration-ms="7079" started-at="2020-04-23T11:37:12Z" finished-at="2020-04-23T11:37:19Z">
          <reporter-output>
          </reporter-output>
        </test-method> <!-- startBrowser -->
        <test-method status="PASS" signature="validateGoogleId()[pri:0, instance:testproject.SampleSeleniumTest@4a1c0752]" name="validateGoogleId" duration-ms="8158" started-at="2020-04-23T11:37:19Z" finished-at="2020-04-23T11:37:27Z">
          <reporter-output>
          </reporter-output>
        </test-method> <!-- validateGoogleId -->
        <test-method status="PASS" signature="closeBrowser()[pri:0, instance:testproject.SampleSeleniumTest@4a1c0752]" name="closeBrowser" is-config="true" duration-ms="892" started-at="2020-04-23T11:37:27Z" finished-at="2020-04-23T11:37:28Z">
          <reporter-output>
          </reporter-output>
        </test-method> <!-- closeBrowser -->
      </class> <!-- testproject.SampleSeleniumTest -->
    </test> <!-- Command line test -->
  </suite> <!-- Command line suite -->
</testng-results>
