<?xml version="1.0" encoding="UTF-8"?>
<testng-results skipped="0" failed="0" ignored="0" total="1" passed="1">
  <reporter-output>
  </reporter-output>
  <suite name="Default suite" duration-ms="10777" started-at="2020-06-04T10:23:47Z" finished-at="2020-06-04T10:23:58Z">
    <groups>
    </groups>
    <test name="Default test" duration-ms="10777" started-at="2020-06-04T10:23:47Z" finished-at="2020-06-04T10:23:58Z">
      <class name="testproject.SelTest">
        <test-method status="PASS" signature="startBrowser()[pri:0, instance:testproject.SelTest@2ed0fbae]" name="startBrowser" is-config="true" duration-ms="3899" started-at="2020-06-04T10:23:47Z" finished-at="2020-06-04T10:23:51Z">
          <reporter-output>
          </reporter-output>
        </test-method> <!-- startBrowser -->
        <test-method status="PASS" signature="validateAboutPage()[pri:0, instance:testproject.SelTest@2ed0fbae]" name="validateAboutPage" duration-ms="6112" started-at="2020-06-04T10:23:51Z" finished-at="2020-06-04T10:23:57Z">
          <reporter-output>
          </reporter-output>
        </test-method> <!-- validateAboutPage -->
        <test-method status="PASS" signature="closeBrowser()[pri:0, instance:testproject.SelTest@2ed0fbae]" name="closeBrowser" is-config="true" duration-ms="750" started-at="2020-06-04T10:23:57Z" finished-at="2020-06-04T10:23:58Z">
          <reporter-output>
          </reporter-output>
        </test-method> <!-- closeBrowser -->
      </class> <!-- testproject.SelTest -->
    </test> <!-- Default test -->
  </suite> <!-- Default suite -->
</testng-results>
